e:\sc17\dhara-master\build_vs2022\gentab.dir\debug\vc143.pdb
e:\sc17\dhara-master\build_vs2022\gentab.dir\debug\crc32.obj
e:\sc17\dhara-master\build_vs2022\gentab.dir\debug\hamming.obj
e:\sc17\dhara-master\build_vs2022\gentab.dir\debug\gf13.obj
e:\sc17\dhara-master\build_vs2022\gentab.dir\debug\bch.obj
e:\sc17\dhara-master\build_vs2022\gentab.dir\debug\gentab.obj
e:\sc17\dhara-master\build_vs2022\cmakefiles\generate.stamp
e:\sc17\dhara-master\build_vs2022\gentab.dir\debug\gentab.ilk
e:\sc17\dhara-master\build_vs2022\debug\gentab.exe
e:\sc17\dhara-master\build_vs2022\debug\gentab.pdb
e:\sc17\dhara-master\build_vs2022\gentab.dir\debug\gentab.tlog\cl.command.1.tlog
e:\sc17\dhara-master\build_vs2022\gentab.dir\debug\gentab.tlog\cl.items.tlog
e:\sc17\dhara-master\build_vs2022\gentab.dir\debug\gentab.tlog\cl.read.1.tlog
e:\sc17\dhara-master\build_vs2022\gentab.dir\debug\gentab.tlog\cl.write.1.tlog
e:\sc17\dhara-master\build_vs2022\gentab.dir\debug\gentab.tlog\custombuild.command.1.tlog
e:\sc17\dhara-master\build_vs2022\gentab.dir\debug\gentab.tlog\custombuild.read.1.tlog
e:\sc17\dhara-master\build_vs2022\gentab.dir\debug\gentab.tlog\custombuild.write.1.tlog
e:\sc17\dhara-master\build_vs2022\gentab.dir\debug\gentab.tlog\link.command.1.tlog
e:\sc17\dhara-master\build_vs2022\gentab.dir\debug\gentab.tlog\link.read.1.tlog
e:\sc17\dhara-master\build_vs2022\gentab.dir\debug\gentab.tlog\link.write.1.tlog
