e:\sc17\dhara-master\build_vs2022\gftool.dir\debug\vc143.pdb
e:\sc17\dhara-master\build_vs2022\gftool.dir\debug\windows_compat.obj
e:\sc17\dhara-master\build_vs2022\gftool.dir\debug\crc32.obj
e:\sc17\dhara-master\build_vs2022\gftool.dir\debug\hamming.obj
e:\sc17\dhara-master\build_vs2022\gftool.dir\debug\gf13.obj
e:\sc17\dhara-master\build_vs2022\gftool.dir\debug\bch.obj
e:\sc17\dhara-master\build_vs2022\gftool.dir\debug\gftool.obj
e:\sc17\dhara-master\build_vs2022\cmakefiles\generate.stamp
e:\sc17\dhara-master\build_vs2022\gftool.dir\debug\gftool.ilk
e:\sc17\dhara-master\build_vs2022\debug\gftool.exe
e:\sc17\dhara-master\build_vs2022\debug\gftool.pdb
e:\sc17\dhara-master\build_vs2022\gftool.dir\debug\gftool.tlog\cl.command.1.tlog
e:\sc17\dhara-master\build_vs2022\gftool.dir\debug\gftool.tlog\cl.items.tlog
e:\sc17\dhara-master\build_vs2022\gftool.dir\debug\gftool.tlog\cl.read.1.tlog
e:\sc17\dhara-master\build_vs2022\gftool.dir\debug\gftool.tlog\cl.write.1.tlog
e:\sc17\dhara-master\build_vs2022\gftool.dir\debug\gftool.tlog\custombuild.command.1.tlog
e:\sc17\dhara-master\build_vs2022\gftool.dir\debug\gftool.tlog\custombuild.read.1.tlog
e:\sc17\dhara-master\build_vs2022\gftool.dir\debug\gftool.tlog\custombuild.write.1.tlog
e:\sc17\dhara-master\build_vs2022\gftool.dir\debug\gftool.tlog\link.command.1.tlog
e:\sc17\dhara-master\build_vs2022\gftool.dir\debug\gftool.tlog\link.read.1.tlog
e:\sc17\dhara-master\build_vs2022\gftool.dir\debug\gftool.tlog\link.write.1.tlog
